============================= test session starts ==============================
platform darwin -- Python 3.9.6, pytest-8.4.0, pluggy-1.6.0 -- /Users/craigwebster/metacalculation-service/venv/bin/python3
cachedir: .pytest_cache
rootdir: /Users/craigwebster/metacalculation-service
configfile: pytest.ini
testpaths: tests
plugins: anyio-4.9.0, asyncio-1.0.0
asyncio: mode=strict, asyncio_default_fixture_loop_scope=None, asyncio_default_test_loop_scope=function
collecting ... collected 5 items

tests/test_biological_variation.py::test_compare_many_random_datasets_with_summary 
Randomized test summary: 15 passed, 5 failed.
Failures:
#8 Range_upper: 24.876682191086186 != 24.6 (n=18)
#12 Range_lower: 14.105824948387516 != 14.6038 (n=14)
#14 Range_lower: 15.509777531186046 != 15.71 (n=13)
#16 Range_upper: 18.101596302493963 != 18.4 (n=18)
#18 Range_lower: 15.03 != 14.7778 (n=14)
FAILED
tests/test_hello.py::test_hello PASSED
tests/test_metacalculation_dual_format.py::test_metacalculation_json_and_csv_equivalence JSON status: 200
JSON response: {'N': 2, 'W.Median': 19.41925292372142, 'Range_lower': 18.8, 'Range_upper': 20.1}
PASSED
tests/test_metacalculation_valid_csv.py::test_metacalculation_valid_csv PASSED
tests/test_metacalculation_valid_csv.py::test_metacalculation_invalid_csv Error in /metacalculation: 400: 'Include' column missing
PASSED

=================================== FAILURES ===================================
________________ test_compare_many_random_datasets_with_summary ________________

    @pytest.mark.asyncio
    async def test_compare_many_random_datasets_with_summary():
        headers = {"Content-Type": "text/plain"}
        total = 20
        failures = []
        random.seed(42)  # Set seed for reproducibility
        for i in range(total):
            n = random.randint(1, 20)
            CSV_DATA = make_csv(n)
            async with httpx.AsyncClient(timeout=10) as client:  # Add timeout
                local_resp = await client.post(LOCAL_API_URL, content=CSV_DATA, headers=headers)
                assert local_resp.status_code == 200
                local_json = local_resp.json()
    
                biovar_resp = await client.post(BIOVAR_API_URL, content=CSV_DATA, headers=headers)
                assert biovar_resp.status_code == 200
                biovar_json = biovar_resp.json()
    
            for key in ["W.Median", "Range_lower", "Range_upper"]:
                local_val = extract_scalar(local_json.get(key))
                biovar_val = extract_scalar(biovar_json.get(key))
                if local_val is None or biovar_val is None:
                    if local_val != biovar_val:
                        failures.append(f"#{i} {key}: {local_val} != {biovar_val} (n={n})")
                else:
                    if not math.isclose(local_val, biovar_val, rel_tol=1e-2, abs_tol=0.02):
                        failures.append(f"#{i} {key}: {local_val} != {biovar_val} (n={n})")
    
            local_n = extract_scalar(local_json.get("N"))
            biovar_n = extract_scalar(biovar_json.get("N"))
            if local_n != biovar_n:
                failures.append(f"#{i} N: {local_n} != {biovar_n} (n={n})")
    
        print(f"\nRandomized test summary: {total - len(failures)} passed, {len(failures)} failed.")
        if failures:
            print("Failures:")
            for fail in failures:
                print(fail)
>       assert not failures, f"{len(failures)} failures out of {total} tests."
E       AssertionError: 5 failures out of 20 tests.
E       assert not ['#8 Range_upper: 24.876682191086186 != 24.6 (n=18)', '#12 Range_lower: 14.105824948387516 != 14.6038 (n=14)', '#14 Range_lower: 15.509777531186046 != 15.71 (n=13)', '#16 Range_upper: 18.101596302493963 != 18.4 (n=18)', '#18 Range_lower: 15.03 != 14.7778 (n=14)']

tests/test_biological_variation.py:60: AssertionError
------------------------------ Captured log call -------------------------------
INFO     httpx:_client.py:1740 HTTP Request: POST http://localhost:8081/metacalculation "HTTP/1.1 200 OK"
INFO     httpx:_client.py:1740 HTTP Request: POST https://r.biologicalvariation.eu/metacalculation "HTTP/1.1 200 OK"
INFO     httpx:_client.py:1740 HTTP Request: POST http://localhost:8081/metacalculation "HTTP/1.1 200 OK"
INFO     httpx:_client.py:1740 HTTP Request: POST https://r.biologicalvariation.eu/metacalculation "HTTP/1.1 200 OK"
INFO     httpx:_client.py:1740 HTTP Request: POST http://localhost:8081/metacalculation "HTTP/1.1 200 OK"
INFO     httpx:_client.py:1740 HTTP Request: POST https://r.biologicalvariation.eu/metacalculation "HTTP/1.1 200 OK"
INFO     httpx:_client.py:1740 HTTP Request: POST http://localhost:8081/metacalculation "HTTP/1.1 200 OK"
INFO     httpx:_client.py:1740 HTTP Request: POST https://r.biologicalvariation.eu/metacalculation "HTTP/1.1 200 OK"
INFO     httpx:_client.py:1740 HTTP Request: POST http://localhost:8081/metacalculation "HTTP/1.1 200 OK"
INFO     httpx:_client.py:1740 HTTP Request: POST https://r.biologicalvariation.eu/metacalculation "HTTP/1.1 200 OK"
INFO     httpx:_client.py:1740 HTTP Request: POST http://localhost:8081/metacalculation "HTTP/1.1 200 OK"
INFO     httpx:_client.py:1740 HTTP Request: POST https://r.biologicalvariation.eu/metacalculation "HTTP/1.1 200 OK"
INFO     httpx:_client.py:1740 HTTP Request: POST http://localhost:8081/metacalculation "HTTP/1.1 200 OK"
INFO     httpx:_client.py:1740 HTTP Request: POST https://r.biologicalvariation.eu/metacalculation "HTTP/1.1 200 OK"
INFO     httpx:_client.py:1740 HTTP Request: POST http://localhost:8081/metacalculation "HTTP/1.1 200 OK"
INFO     httpx:_client.py:1740 HTTP Request: POST https://r.biologicalvariation.eu/metacalculation "HTTP/1.1 200 OK"
INFO     httpx:_client.py:1740 HTTP Request: POST http://localhost:8081/metacalculation "HTTP/1.1 200 OK"
INFO     httpx:_client.py:1740 HTTP Request: POST https://r.biologicalvariation.eu/metacalculation "HTTP/1.1 200 OK"
INFO     httpx:_client.py:1740 HTTP Request: POST http://localhost:8081/metacalculation "HTTP/1.1 200 OK"
INFO     httpx:_client.py:1740 HTTP Request: POST https://r.biologicalvariation.eu/metacalculation "HTTP/1.1 200 OK"
INFO     httpx:_client.py:1740 HTTP Request: POST http://localhost:8081/metacalculation "HTTP/1.1 200 OK"
INFO     httpx:_client.py:1740 HTTP Request: POST https://r.biologicalvariation.eu/metacalculation "HTTP/1.1 200 OK"
INFO     httpx:_client.py:1740 HTTP Request: POST http://localhost:8081/metacalculation "HTTP/1.1 200 OK"
INFO     httpx:_client.py:1740 HTTP Request: POST https://r.biologicalvariation.eu/metacalculation "HTTP/1.1 200 OK"
INFO     httpx:_client.py:1740 HTTP Request: POST http://localhost:8081/metacalculation "HTTP/1.1 200 OK"
INFO     httpx:_client.py:1740 HTTP Request: POST https://r.biologicalvariation.eu/metacalculation "HTTP/1.1 200 OK"
INFO     httpx:_client.py:1740 HTTP Request: POST http://localhost:8081/metacalculation "HTTP/1.1 200 OK"
INFO     httpx:_client.py:1740 HTTP Request: POST https://r.biologicalvariation.eu/metacalculation "HTTP/1.1 200 OK"
INFO     httpx:_client.py:1740 HTTP Request: POST http://localhost:8081/metacalculation "HTTP/1.1 200 OK"
INFO     httpx:_client.py:1740 HTTP Request: POST https://r.biologicalvariation.eu/metacalculation "HTTP/1.1 200 OK"
INFO     httpx:_client.py:1740 HTTP Request: POST http://localhost:8081/metacalculation "HTTP/1.1 200 OK"
INFO     httpx:_client.py:1740 HTTP Request: POST https://r.biologicalvariation.eu/metacalculation "HTTP/1.1 200 OK"
INFO     httpx:_client.py:1740 HTTP Request: POST http://localhost:8081/metacalculation "HTTP/1.1 200 OK"
INFO     httpx:_client.py:1740 HTTP Request: POST https://r.biologicalvariation.eu/metacalculation "HTTP/1.1 200 OK"
INFO     httpx:_client.py:1740 HTTP Request: POST http://localhost:8081/metacalculation "HTTP/1.1 200 OK"
INFO     httpx:_client.py:1740 HTTP Request: POST https://r.biologicalvariation.eu/metacalculation "HTTP/1.1 200 OK"
INFO     httpx:_client.py:1740 HTTP Request: POST http://localhost:8081/metacalculation "HTTP/1.1 200 OK"
INFO     httpx:_client.py:1740 HTTP Request: POST https://r.biologicalvariation.eu/metacalculation "HTTP/1.1 200 OK"
INFO     httpx:_client.py:1740 HTTP Request: POST http://localhost:8081/metacalculation "HTTP/1.1 200 OK"
INFO     httpx:_client.py:1740 HTTP Request: POST https://r.biologicalvariation.eu/metacalculation "HTTP/1.1 200 OK"
=============================== warnings summary ===============================
tests/test_metacalculation_dual_format.py::test_metacalculation_json_and_csv_equivalence
tests/test_metacalculation_dual_format.py::test_metacalculation_json_and_csv_equivalence
tests/test_metacalculation_valid_csv.py::test_metacalculation_valid_csv
  /Users/craigwebster/metacalculation-service/app/core.py:96: FutureWarning: DataFrameGroupBy.apply operated on the grouping columns. This behavior is deprecated, and in a future version of pandas the grouping columns will be excluded from the operation. Either pass `include_groups=False` to exclude the groupings or explicitly select the grouping columns after groupby to silence this warning.
    trunc = grouped.apply(agg_fn).reset_index()

-- Docs: https://docs.pytest.org/en/stable/how-to/capture-warnings.html
=========================== short test summary info ============================
FAILED tests/test_biological_variation.py::test_compare_many_random_datasets_with_summary - AssertionError: 5 failures out of 20 tests.
assert not ['#8 Range_upper: 24.876682191086186 != 24.6 (n=18)', '#12 Range_lower: 14.105824948387516 != 14.6038 (n=14)', '#14 Range_lower: 15.509777531186046 != 15.71 (n=13)', '#16 Range_upper: 18.101596302493963 != 18.4 (n=18)', '#18 Range_lower: 15.03 != 14.7778 (n=14)']
=================== 1 failed, 4 passed, 3 warnings in 8.35s ====================
